<?xml version="1.0" encoding="UTF-8"?>
<testng-results ignored="0" total="1" passed="1" failed="0" skipped="0">
  <reporter-output>
  </reporter-output>
  <suite started-at="2024-01-18T10:57:36 CET" name="Advantageonline RegressionSuite" finished-at="2024-01-18T10:57:37 CET" duration-ms="716">
    <groups>
    </groups>
    <test started-at="2024-01-18T10:57:36 CET" name="Test" finished-at="2024-01-18T10:57:37 CET" duration-ms="716">
      <class name="tests.LoginTest">
        <test-method is-config="true" signature="startDriver(java.lang.String)[pri:0, instance:tests.LoginTest@421bba99]" started-at="2024-01-18T10:57:33 CET" name="startDriver" finished-at="2024-01-18T10:57:36 CET" duration-ms="3371" status="PASS">
          <params>
            <param index="0">
              <value>
                <![CDATA[chrome]]>
              </value>
            </param>
          </params>
          <reporter-output>
          </reporter-output>
        </test-method> <!-- startDriver -->
        <test-method signature="userCanLogin()[pri:0, instance:tests.LoginTest@421bba99]" started-at="2024-01-18T10:57:36 CET" name="userCanLogin" finished-at="2024-01-18T10:57:37 CET" duration-ms="698" status="PASS">
          <reporter-output>
          </reporter-output>
        </test-method> <!-- userCanLogin -->
        <test-method is-config="true" signature="stopDriver()[pri:0, instance:tests.LoginTest@421bba99]" started-at="2024-01-18T10:57:37 CET" name="stopDriver" finished-at="2024-01-18T10:57:47 CET" duration-ms="10099" status="PASS">
          <reporter-output>
          </reporter-output>
        </test-method> <!-- stopDriver -->
      </class> <!-- tests.LoginTest -->
    </test> <!-- Test -->
  </suite> <!-- Advantageonline RegressionSuite -->
</testng-results>
